<?xml version="1.0" encoding="UTF-8"?>
<testng-results skipped="0" failed="0" ignored="0" total="1" passed="1">
  <reporter-output>
  </reporter-output>
  <suite name="Default suite" duration-ms="10178" started-at="2020-08-24T02:50:18Z" finished-at="2020-08-24T02:50:28Z">
    <groups>
    </groups>
    <test name="Default test" duration-ms="10178" started-at="2020-08-24T02:50:18Z" finished-at="2020-08-24T02:50:28Z">
      <class name="SeleniumLatest.LatestSelenium.SSLcertTest">
        <test-method status="PASS" signature="sslTest()[pri:0, instance:SeleniumLatest.LatestSelenium.SSLcertTest@cb5822]" name="sslTest" duration-ms="10091" started-at="2020-08-23T22:50:18Z" finished-at="2020-08-23T22:50:28Z">
          <reporter-output>
          </reporter-output>
        </test-method> <!-- sslTest -->
      </class> <!-- SeleniumLatest.LatestSelenium.SSLcertTest -->
    </test> <!-- Default test -->
  </suite> <!-- Default suite -->
</testng-results>
